<?xml version="1.0" encoding="UTF-8" ?>
<testsuite tests="8" failures="7" name="TestSuite" time="87.303" errors="0" skipped="0">
  <properties>
    <property name="java.runtime.name" value="Java(TM) SE Runtime Environment"/>
    <property name="java.vm.version" value="11.0.6+8-LTS"/>
    <property name="sun.boot.library.path" value="C:\Program Files\Java\jdk-11.0.6\bin"/>
    <property name="user.country.format" value="RU"/>
    <property name="maven.multiModuleProjectDirectory" value="C:\Users\VADIM\IdeaProjects\Bellerophon-Chimera\BenchMark"/>
    <property name="java.vm.vendor" value="Oracle Corporation"/>
    <property name="java.vendor.url" value="http://java.oracle.com/"/>
    <property name="guice.disable.misplaced.annotation.check" value="true"/>
    <property name="path.separator" value=";"/>
    <property name="java.vm.name" value="Java HotSpot(TM) 64-Bit Server VM"/>
    <property name="sun.os.patch.level" value=""/>
    <property name="user.script" value=""/>
    <property name="user.country" value="US"/>
    <property name="sun.java.launcher" value="SUN_STANDARD"/>
    <property name="java.vm.specification.name" value="Java Virtual Machine Specification"/>
    <property name="user.dir" value="C:\Users\VADIM\IdeaProjects\Bellerophon-Chimera\BenchMark"/>
    <property name="java.vm.compressedOopsMode" value="Zero based"/>
    <property name="java.runtime.version" value="11.0.6+8-LTS"/>
    <property name="java.awt.graphicsenv" value="sun.awt.Win32GraphicsEnvironment"/>
    <property name="os.arch" value="amd64"/>
    <property name="java.io.tmpdir" value="C:\Users\VADIM\AppData\Local\Temp\"/>
    <property name="line.separator" value="
"/>
    <property name="java.vm.specification.vendor" value="Oracle Corporation"/>
    <property name="user.variant" value=""/>
    <property name="os.name" value="Windows 10"/>
    <property name="classworlds.conf" value="C:\Program Files\Maven\apache-maven-3.5.2\bin\..\bin\m2.conf"/>
    <property name="sun.jnu.encoding" value="Cp1251"/>
    <property name="java.library.path" value="C:\Program Files\Java\jdk-11.0.6\bin;C:\WINDOWS\Sun\Java\bin;C:\WINDOWS\system32;C:\WINDOWS;C:\Python27\;C:\Python27\Scripts;C:\oraclexe\app\oracle\product\11.2.0\server\bin;C:\Program Files (x86)\Intel\iCLS Client\;C:\Program Files\Intel\iCLS Client\;C:\WINDOWS\system32;C:\WINDOWS;C:\WINDOWS\System32\Wbem;C:\WINDOWS\System32\WindowsPowerShell\v1.0\;C:\Program Files (x86)\Windows Live\Shared;C:\Program Files (x86)\Intel\OpenCL SDK\2.0\bin\x86;C:\Program Files (x86)\Intel\OpenCL SDK\2.0\bin\x64;C:\Program Files\Intel\Intel(R) Management Engine Components\DAL;C:\Program Files\Intel\Intel(R) Management Engine Components\IPT;C:\Program Files (x86)\Intel\Intel(R) Management Engine Components\DAL;C:\Program Files (x86)\Intel\Intel(R) Management Engine Components\IPT;C:\Program Files\Intel\WiFi\bin\;C:\Program Files\Common Files\Intel\WirelessCommon\;C:\Program Files (x86)\NVIDIA Corporation\PhysX\Common;C:\WINDOWS\system32;C:\WINDOWS;C:\WINDOWS\System32\Wbem;C:\WINDOWS\System32\WindowsPowerShell\v1.0\;C:\webdrivers;C:\Users\VADIM\AppData\Local\Android\sdk\platform-tools;C:\Users\VADIM\AppData\Local\Android\sdk\tools\bin;C:\Users\VADIM\AppData\Local\Android\sdk\tools;C:\Program Files\Maven\apache-maven-3.5.2\bin;C:\apache-ant-1.10.2\bin;C:\apache-jmeter-3.3\bin;C:\Program Files\axis2-1.6.2\bin;C:\Program Files\MySQL\MySQL Utilities 1.6\;C:\Program Files\SourceGear\Common\DiffMerge\;C:\WINDOWS\System32\OpenSSH\;C:\Program Files\Git\cmd;C:\Program Files (x86)\Brackets\command;C:\ProgramData\chocolatey\bin;C:\Program Files\Gauge\bin;C:\Program Files\dotnet\;C:\Program Files\Microsoft SQL Server\130\Tools\Binn\;C:\Program Files\Microsoft SQL Server\Client SDK\ODBC\170\Tools\Binn\;C:\Program Files\Microsoft SQL Server\120\Tools\Binn\;C:\Users\VADIM\AppData\Roaming\nvm;C:\Program Files\nodejs;C:\Program Files\Java\jdk-11.0.6\\bin;C:\Ruby23-x64\bin;C:\Users\VADIM\AppData\Local\Microsoft\WindowsApps;C:\Users\VADIM\AppData\Local\Programs\Fiddler;C:\apache-maven-3.5.2\bin;C:\Users\VADIM\AppData\Local\Microsoft\WindowsApps;C:\Users\VADIM\AppData\Roaming\npm;C:\Users\VADIM\AppData\Local\Programs\Microsoft VS Code\bin;C:\Program Files\heroku\bin;D:\GitHub\Bellerophon\COLT\heroku\bin;C:\Users\VADIM\AppData\Roaming\nvm;C:\Program Files\nodejs;C:\Program Files\Java\jdk-11.0.6\;;."/>
    <property name="maven.conf" value="C:\Program Files\Maven\apache-maven-3.5.2\bin\../conf"/>
    <property name="jdk.debug" value="release"/>
    <property name="java.class.version" value="55.0"/>
    <property name="java.specification.name" value="Java Platform API Specification"/>
    <property name="sun.management.compiler" value="HotSpot 64-Bit Tiered Compilers"/>
    <property name="os.version" value="10.0"/>
    <property name="library.jansi.path" value="C:\Program Files\Maven\apache-maven-3.5.2\bin\..\lib\jansi-native"/>
    <property name="user.home" value="C:\Users\VADIM"/>
    <property name="user.timezone" value="Europe/Moscow"/>
    <property name="java.awt.printerjob" value="sun.awt.windows.WPrinterJob"/>
    <property name="file.encoding" value="Cp1251"/>
    <property name="java.specification.version" value="11"/>
    <property name="user.name" value="VADIM"/>
    <property name="java.class.path" value="C:\Program Files\Maven\apache-maven-3.5.2\bin\..\boot\plexus-classworlds-2.5.2.jar"/>
    <property name="java.vm.specification.version" value="11"/>
    <property name="sun.arch.data.model" value="64"/>
    <property name="sun.java.command" value="org.codehaus.plexus.classworlds.launcher.Launcher clean install"/>
    <property name="java.home" value="C:\Program Files\Java\jdk-11.0.6"/>
    <property name="user.language" value="en"/>
    <property name="java.specification.vendor" value="Oracle Corporation"/>
    <property name="user.language.format" value="ru"/>
    <property name="awt.toolkit" value="sun.awt.windows.WToolkit"/>
    <property name="java.vm.info" value="mixed mode"/>
    <property name="java.version" value="11.0.6"/>
    <property name="java.vendor" value="Oracle Corporation"/>
    <property name="sun.stderr.encoding" value="cp866"/>
    <property name="maven.home" value="C:\Program Files\Maven\apache-maven-3.5.2\bin\.."/>
    <property name="file.separator" value="\"/>
    <property name="java.version.date" value="2020-01-14"/>
    <property name="java.vendor.url.bug" value="http://bugreport.java.com/bugreport/"/>
    <property name="sun.io.unicode.encoding" value="UnicodeLittle"/>
    <property name="sun.cpu.endian" value="little"/>
    <property name="java.vendor.version" value="18.9"/>
    <property name="sun.stdout.encoding" value="cp866"/>
    <property name="sun.desktop" value="windows"/>
    <property name="sun.cpu.isalist" value="amd64"/>
  </properties>
  <testcase classname="BDDTest" name="runScenario" time="0.217"/>
  <testcase classname="tests.explore.PortsTest" name="testDisplayingDeparturePort" time="12.276">
    <failure message="Labels did not match expected [Port Of Departure] but found [PORT OF DEPARTURE]" type="java.lang.AssertionError">java.lang.AssertionError: Labels did not match expected [Port Of Departure] but found [PORT OF DEPARTURE]
	at org.testng.Assert.fail(Assert.java:97)
	at org.testng.Assert.assertEqualsImpl(Assert.java:136)
	at org.testng.Assert.assertEquals(Assert.java:118)
	at org.testng.Assert.assertEquals(Assert.java:575)
	at tests.explore.PortsTest.testDisplayingDeparturePort(PortsTest.java:53)
</failure>
    <system-out>
1 Scenarios (&amp;#27;[32m1 passed&amp;#27;[0m)
3 Steps (&amp;#27;[32m3 passed&amp;#27;[0m)
0m0.239s


Popup window did not appear...
Test is in progress!
2020-04-28 18:58:36 [INFO ] PortsTest :: 50 -&gt; *** verify that image is in the middle of the map ***
2020-04-28 18:58:36 [INFO ] PortsImpl logs  :: 29 -&gt; Port&apos;s position is being verified
2020-04-28 18:58:37 [INFO ] PortsTest :: 52 -&gt; *** verify label of port departure ***
</system-out>
  </testcase>
  <testcase classname="tests.explore.PortsTest" name="testDisplayingDeparturePort" time="12.101">
    <failure message="Labels did not match expected [Port Of Departure] but found [PORT OF DEPARTURE]" type="java.lang.AssertionError">java.lang.AssertionError: Labels did not match expected [Port Of Departure] but found [PORT OF DEPARTURE]
	at org.testng.Assert.fail(Assert.java:97)
	at org.testng.Assert.assertEqualsImpl(Assert.java:136)
	at org.testng.Assert.assertEquals(Assert.java:118)
	at org.testng.Assert.assertEquals(Assert.java:575)
	at tests.explore.PortsTest.testDisplayingDeparturePort(PortsTest.java:53)
</failure>
    <system-out>2020-04-28 18:58:49 [INFO ] PortsTest :: 50 -&gt; *** verify that image is in the middle of the map ***
2020-04-28 18:58:49 [INFO ] PortsImpl logs  :: 29 -&gt; Port&apos;s position is being verified
2020-04-28 18:58:50 [INFO ] PortsTest :: 52 -&gt; *** verify label of port departure ***
</system-out>
  </testcase>
  <testcase classname="tests.explore.PortsTest" name="testDisplayingDeparturePortParserYAML" time="12.212">
    <failure message="Labels did not match expected [Port Of Departure] but found [PORT OF DEPARTURE]" type="java.lang.AssertionError">java.lang.AssertionError: Labels did not match expected [Port Of Departure] but found [PORT OF DEPARTURE]
	at org.testng.Assert.fail(Assert.java:97)
	at org.testng.Assert.assertEqualsImpl(Assert.java:136)
	at org.testng.Assert.assertEquals(Assert.java:118)
	at org.testng.Assert.assertEquals(Assert.java:575)
	at tests.explore.PortsTest.testDisplayingDeparturePortParserYAML(PortsTest.java:112)
</failure>
    <system-out>2020-04-28 18:59:01 [INFO ] PortsTest :: 109 -&gt; *** verify that image is in the middle of the map ***
2020-04-28 18:59:01 [INFO ] PortsImpl logs  :: 29 -&gt; Port&apos;s position is being verified
2020-04-28 18:59:02 [INFO ] PortsTest :: 111 -&gt; *** verify label of port departure ***
</system-out>
  </testcase>
  <testcase classname="tests.explore.PortsTest" name="testDisplayingDeparturePortParserYAML" time="12.178">
    <failure message="Labels did not match expected [Port Of Departure] but found [PORT OF DEPARTURE]" type="java.lang.AssertionError">java.lang.AssertionError: Labels did not match expected [Port Of Departure] but found [PORT OF DEPARTURE]
	at org.testng.Assert.fail(Assert.java:97)
	at org.testng.Assert.assertEqualsImpl(Assert.java:136)
	at org.testng.Assert.assertEquals(Assert.java:118)
	at org.testng.Assert.assertEquals(Assert.java:575)
	at tests.explore.PortsTest.testDisplayingDeparturePortParserYAML(PortsTest.java:112)
</failure>
    <system-out>2020-04-28 18:59:14 [INFO ] PortsTest :: 109 -&gt; *** verify that image is in the middle of the map ***
2020-04-28 18:59:14 [INFO ] PortsImpl logs  :: 29 -&gt; Port&apos;s position is being verified
2020-04-28 18:59:15 [INFO ] PortsTest :: 111 -&gt; *** verify label of port departure ***
</system-out>
  </testcase>
  <testcase classname="tests.explore.PortsTest" name="testDisplayingDeparturePortYAML" time="13.56">
    <failure message="Labels did not match expected [Port Of Departure] but found [PORT OF DEPARTURE]" type="java.lang.AssertionError">java.lang.AssertionError: Labels did not match expected [Port Of Departure] but found [PORT OF DEPARTURE]
	at org.testng.Assert.fail(Assert.java:97)
	at org.testng.Assert.assertEqualsImpl(Assert.java:136)
	at org.testng.Assert.assertEquals(Assert.java:118)
	at org.testng.Assert.assertEquals(Assert.java:575)
	at tests.explore.PortsTest.testDisplayingDeparturePortYAML(PortsTest.java:103)
</failure>
    <system-out>2020-04-28 18:59:27 [INFO ] PortsTest :: 100 -&gt; *** verify that image is in the middle of the map ***
2020-04-28 18:59:27 [INFO ] PortsImpl logs  :: 29 -&gt; Port&apos;s position is being verified
2020-04-28 18:59:29 [INFO ] PortsTest :: 102 -&gt; *** verify label of port departure ***
</system-out>
  </testcase>
  <testcase classname="tests.explore.ShoreExcursionTest" name="testDisplayingDeparturePort" time="12.414">
    <failure message="Labels did not match expected [Port Of Departure] but found [PORT OF DEPARTURE]" type="java.lang.AssertionError">java.lang.AssertionError: Labels did not match expected [Port Of Departure] but found [PORT OF DEPARTURE]
	at org.testng.Assert.fail(Assert.java:97)
	at org.testng.Assert.assertEqualsImpl(Assert.java:136)
	at org.testng.Assert.assertEquals(Assert.java:118)
	at org.testng.Assert.assertEquals(Assert.java:575)
	at tests.explore.ShoreExcursionTest.testDisplayingDeparturePort(ShoreExcursionTest.java:38)
</failure>
    <system-out>Popup window did not appear...
Test is in progress!
2020-04-28 19:00:01 [INFO ] PortsImpl logs  :: 29 -&gt; Port&apos;s position is being verified
</system-out>
  </testcase>
  <testcase classname="tests.explore.ShoreExcursionTest" name="testDisplayingDeparturePort" time="12.345">
    <failure message="Labels did not match expected [Port Of Departure] but found [PORT OF DEPARTURE]" type="java.lang.AssertionError">java.lang.AssertionError: Labels did not match expected [Port Of Departure] but found [PORT OF DEPARTURE]
	at org.testng.Assert.fail(Assert.java:97)
	at org.testng.Assert.assertEqualsImpl(Assert.java:136)
	at org.testng.Assert.assertEquals(Assert.java:118)
	at org.testng.Assert.assertEquals(Assert.java:575)
	at tests.explore.ShoreExcursionTest.testDisplayingDeparturePort(ShoreExcursionTest.java:38)
</failure>
    <system-out>2020-04-28 19:00:14 [INFO ] PortsImpl logs  :: 29 -&gt; Port&apos;s position is being verified
</system-out>
  </testcase>
</testsuite>