<?xml version="1.0" encoding="UTF-8"?>
<testng-results skipped="0" failed="2" ignored="0" total="2" passed="0">
  <reporter-output>
  </reporter-output>
  <suite name="Suite" duration-ms="33447" started-at="2020-01-20T03:20:12Z" finished-at="2020-01-20T03:20:46Z">
    <groups>
    </groups>
    <test name="Norwegian&#039;s Happy Path" duration-ms="33447" started-at="2020-01-20T03:20:12Z" finished-at="2020-01-20T03:20:46Z">
      <class name="com.norwegian.test.explore.PortsTest">
        <test-method status="PASS" signature="baseSetUp()[pri:0, instance:com.norwegian.test.explore.PortsTest@5f2108b5]" name="baseSetUp" is-config="true" duration-ms="16089" started-at="2020-01-19T19:19:56Z" finished-at="2020-01-19T19:20:12Z">
          <reporter-output>
          </reporter-output>
        </test-method> <!-- baseSetUp -->
        <test-method status="PASS" signature="setUpLogin(boolean)[pri:0, instance:com.norwegian.test.explore.PortsTest@5f2108b5]" name="setUpLogin" is-config="true" duration-ms="582" started-at="2020-01-19T19:20:12Z" finished-at="2020-01-19T19:20:13Z">
          <params>
            <param index="0">
              <value>
                <![CDATA[false]]>
              </value>
            </param>
          </params>
          <reporter-output>
          </reporter-output>
        </test-method> <!-- setUpLogin -->
        <test-method status="PASS" signature="setUp()[pri:0, instance:com.norwegian.test.explore.PortsTest@5f2108b5]" name="setUp" is-config="true" duration-ms="6386" started-at="2020-01-19T19:20:13Z" finished-at="2020-01-19T19:20:19Z">
          <reporter-output>
          </reporter-output>
        </test-method> <!-- setUp -->
        <test-method status="FAIL" signature="testDisplayingDeparturePort(java.lang.String, java.lang.String)[pri:0, instance:com.norwegian.test.explore.PortsTest@5f2108b5]" name="testDisplayingDeparturePort" duration-ms="12726" started-at="2020-01-19T19:20:19Z" description="Verify that port of destination is displayed in the middle of the map AND verify the label of the Port of Destination" data-provider="ports-name" finished-at="2020-01-19T19:20:32Z">
          <params>
            <param index="0">
              <value>
                <![CDATA[Honolulu]]>
              </value>
            </param>
            <param index="1">
              <value>
                <![CDATA[Port Of Departure]]>
              </value>
            </param>
          </params>
          <exception class="java.lang.AssertionError">
            <message>
              <![CDATA[Labels did not match expected [Port Of Departure] but found [PORT OF DEPARTURE]]]>
            </message>
            <full-stacktrace>
              <![CDATA[java.lang.AssertionError: Labels did not match expected [Port Of Departure] but found [PORT OF DEPARTURE]
	at org.testng.Assert.fail(Assert.java:93)
	at org.testng.Assert.failNotEquals(Assert.java:512)
	at org.testng.Assert.assertEqualsImpl(Assert.java:134)
	at org.testng.Assert.assertEquals(Assert.java:115)
	at org.testng.Assert.assertEquals(Assert.java:189)
	at com.norwegian.test.explore.PortsTest.testDisplayingDeparturePort(PortsTest.java:39)
	at sun.reflect.NativeMethodAccessorImpl.invoke0(Native Method)
	at sun.reflect.NativeMethodAccessorImpl.invoke(NativeMethodAccessorImpl.java:62)
	at sun.reflect.DelegatingMethodAccessorImpl.invoke(DelegatingMethodAccessorImpl.java:43)
	at java.lang.reflect.Method.invoke(Method.java:498)
	at org.testng.internal.MethodInvocationHelper.invokeMethod(MethodInvocationHelper.java:108)
	at org.testng.internal.Invoker.invokeMethod(Invoker.java:661)
	at org.testng.internal.Invoker.invokeTestMethod(Invoker.java:869)
	at org.testng.internal.Invoker.invokeTestMethods(Invoker.java:1193)
	at org.testng.internal.TestMethodWorker.invokeTestMethods(TestMethodWorker.java:126)
	at org.testng.internal.TestMethodWorker.run(TestMethodWorker.java:109)
	at org.testng.TestRunner.privateRun(TestRunner.java:744)
	at org.testng.TestRunner.run(TestRunner.java:602)
	at org.testng.SuiteRunner.runTest(SuiteRunner.java:380)
	at org.testng.SuiteRunner.runSequentially(SuiteRunner.java:375)
	at org.testng.SuiteRunner.privateRun(SuiteRunner.java:340)
	at org.testng.SuiteRunner.run(SuiteRunner.java:289)
	at org.testng.SuiteRunnerWorker.runSuite(SuiteRunnerWorker.java:52)
	at org.testng.SuiteRunnerWorker.run(SuiteRunnerWorker.java:86)
	at org.testng.TestNG.runSuitesSequentially(TestNG.java:1301)
	at org.testng.TestNG.runSuitesLocally(TestNG.java:1226)
	at org.testng.TestNG.runSuites(TestNG.java:1144)
	at org.testng.TestNG.run(TestNG.java:1115)
	at org.testng.remote.AbstractRemoteTestNG.run(AbstractRemoteTestNG.java:126)
	at org.testng.remote.RemoteTestNG.initAndRun(RemoteTestNG.java:137)
	at org.testng.remote.RemoteTestNG.main(RemoteTestNG.java:58)
]]>
            </full-stacktrace>
          </exception> <!-- java.lang.AssertionError -->
          <reporter-output>
          </reporter-output>
        </test-method> <!-- testDisplayingDeparturePort -->
        <test-method status="PASS" signature="afterMethodSetUp()[pri:0, instance:com.norwegian.test.explore.PortsTest@5f2108b5]" name="afterMethodSetUp" is-config="true" duration-ms="253" started-at="2020-01-19T19:20:33Z" finished-at="2020-01-19T19:20:33Z">
          <reporter-output>
          </reporter-output>
        </test-method> <!-- afterMethodSetUp -->
        <test-method status="FAIL" signature="testDisplayingDeparturePort(java.lang.String, java.lang.String)[pri:0, instance:com.norwegian.test.explore.PortsTest@5f2108b5]" name="testDisplayingDeparturePort" duration-ms="12165" started-at="2020-01-19T19:20:33Z" description="Verify that port of destination is displayed in the middle of the map AND verify the label of the Port of Destination" data-provider="ports-name" finished-at="2020-01-19T19:20:45Z">
          <params>
            <param index="0">
              <value>
                <![CDATA[Miami]]>
              </value>
            </param>
            <param index="1">
              <value>
                <![CDATA[Port Of Departure]]>
              </value>
            </param>
          </params>
          <exception class="java.lang.AssertionError">
            <message>
              <![CDATA[Labels did not match expected [Port Of Departure] but found [PORT OF DEPARTURE]]]>
            </message>
            <full-stacktrace>
              <![CDATA[java.lang.AssertionError: Labels did not match expected [Port Of Departure] but found [PORT OF DEPARTURE]
	at org.testng.Assert.fail(Assert.java:93)
	at org.testng.Assert.failNotEquals(Assert.java:512)
	at org.testng.Assert.assertEqualsImpl(Assert.java:134)
	at org.testng.Assert.assertEquals(Assert.java:115)
	at org.testng.Assert.assertEquals(Assert.java:189)
	at com.norwegian.test.explore.PortsTest.testDisplayingDeparturePort(PortsTest.java:39)
	at sun.reflect.NativeMethodAccessorImpl.invoke0(Native Method)
	at sun.reflect.NativeMethodAccessorImpl.invoke(NativeMethodAccessorImpl.java:62)
	at sun.reflect.DelegatingMethodAccessorImpl.invoke(DelegatingMethodAccessorImpl.java:43)
	at java.lang.reflect.Method.invoke(Method.java:498)
	at org.testng.internal.MethodInvocationHelper.invokeMethod(MethodInvocationHelper.java:108)
	at org.testng.internal.Invoker.invokeMethod(Invoker.java:661)
	at org.testng.internal.Invoker.invokeTestMethod(Invoker.java:869)
	at org.testng.internal.Invoker.invokeTestMethods(Invoker.java:1193)
	at org.testng.internal.TestMethodWorker.invokeTestMethods(TestMethodWorker.java:126)
	at org.testng.internal.TestMethodWorker.run(TestMethodWorker.java:109)
	at org.testng.TestRunner.privateRun(TestRunner.java:744)
	at org.testng.TestRunner.run(TestRunner.java:602)
	at org.testng.SuiteRunner.runTest(SuiteRunner.java:380)
	at org.testng.SuiteRunner.runSequentially(SuiteRunner.java:375)
	at org.testng.SuiteRunner.privateRun(SuiteRunner.java:340)
	at org.testng.SuiteRunner.run(SuiteRunner.java:289)
	at org.testng.SuiteRunnerWorker.runSuite(SuiteRunnerWorker.java:52)
	at org.testng.SuiteRunnerWorker.run(SuiteRunnerWorker.java:86)
	at org.testng.TestNG.runSuitesSequentially(TestNG.java:1301)
	at org.testng.TestNG.runSuitesLocally(TestNG.java:1226)
	at org.testng.TestNG.runSuites(TestNG.java:1144)
	at org.testng.TestNG.run(TestNG.java:1115)
	at org.testng.remote.AbstractRemoteTestNG.run(AbstractRemoteTestNG.java:126)
	at org.testng.remote.RemoteTestNG.initAndRun(RemoteTestNG.java:137)
	at org.testng.remote.RemoteTestNG.main(RemoteTestNG.java:58)
]]>
            </full-stacktrace>
          </exception> <!-- java.lang.AssertionError -->
          <reporter-output>
          </reporter-output>
        </test-method> <!-- testDisplayingDeparturePort -->
        <test-method status="PASS" signature="afterMethodSetUp()[pri:0, instance:com.norwegian.test.explore.PortsTest@5f2108b5]" name="afterMethodSetUp" is-config="true" duration-ms="284" started-at="2020-01-19T19:20:46Z" finished-at="2020-01-19T19:20:46Z">
          <reporter-output>
          </reporter-output>
        </test-method> <!-- afterMethodSetUp -->
        <test-method status="PASS" signature="afterSuitePerformed()[pri:0, instance:com.norwegian.test.explore.PortsTest@5f2108b5]" name="afterSuitePerformed" is-config="true" duration-ms="1148" started-at="2020-01-19T19:20:46Z" finished-at="2020-01-19T19:20:47Z">
          <reporter-output>
          </reporter-output>
        </test-method> <!-- afterSuitePerformed -->
      </class> <!-- com.norwegian.test.explore.PortsTest -->
    </test> <!-- Norwegian's Happy Path -->
  </suite> <!-- Suite -->
</testng-results>
